version https://git-lfs.github.com/spec/v1
oid sha256:d5c0a8f3f14a9d933983b148a5150c7849bcbae1df70613860cd5eb3587236de
size 477
